2023-04-10 09:53:55,799 LDA
2023-04-10 09:53:55,800 output: output2/lda/ 
2023-04-10 09:53:55,800 param_grid: [{'LDA__solver': ['svd'], 'LDA__store_covariance': [True, False], 'LDA__tol': array([1.e-05, 1.e-06, 1.e-07, 1.e-08, 1.e-09, 1.e-10, 1.e-11])}, {'LDA__solver': ['lsqr', 'eigen'], 'LDA__shrinkage': [None, 'auto', 0.0, 0.01, 0.02, 0.03, 0.04, 0.05, 0.06, 0.07, 0.08, 0.09, 0.1, 0.11, 0.12, 0.13, 0.14, 0.15, 0.16, 0.17, 0.18, 0.19, 0.2, 0.21, 0.22, 0.23, 0.24, 0.25, 0.26, 0.27, 0.28, 0.29, 0.3, 0.31, 0.32, 0.33, 0.34, 0.35000000000000003, 0.36, 0.37, 0.38, 0.39, 0.4, 0.41000000000000003, 0.42, 0.43, 0.44, 0.45, 0.46, 0.47000000000000003, 0.48, 0.49, 0.5, 0.51, 0.52, 0.53, 0.54, 0.55, 0.56, 0.5700000000000001, 0.58, 0.59, 0.6, 0.61, 0.62, 0.63, 0.64, 0.65, 0.66, 0.67, 0.68, 0.6900000000000001, 0.7000000000000001, 0.71, 0.72, 0.73, 0.74, 0.75, 0.76, 0.77, 0.78, 0.79, 0.8, 0.81, 0.8200000000000001, 0.8300000000000001, 0.84, 0.85, 0.86, 0.87, 0.88, 0.89, 0.9, 0.91, 0.92, 0.93, 0.9400000000000001, 0.9500000000000001, 0.96, 0.97, 0.98, 0.99]}] 
2023-04-10 09:53:55,803 columns: ['param_LDA__solver', 'param_LDA__shrinkage', 'param_LDA__store_covariance', 'param_LDA__tol', 'params', 'mean_test_score', 'std_test_score'] 
2023-04-10 09:53:56,719 Filename: dataset_4 
2023-04-10 09:53:56,719 Filter Band (8-15 hz): True 
2023-04-10 09:53:56,719 Channel: None 
2023-04-10 09:53:56,720 Cantidad trials: #50
2023-04-10 09:53:56,721 DATASET: Dataset_4b_50
2023-04-10 09:53:56,721 Started
2023-04-10 09:53:56,721 X: (50, 8, 501) 
2023-04-10 09:53:56,721 y: (50,) 
2023-04-10 09:55:27,305 Mean Accuracy: 0.433
2023-04-10 09:55:27,308 Config: {'LDA__shrinkage': 0.97, 'LDA__solver': 'lsqr'}
2023-04-10 09:55:27,359 Finished
2023-04-10 09:55:27,362 Cantidad trials: #100
2023-04-10 09:55:27,365 DATASET: Dataset_4b_100
2023-04-10 09:55:27,369 Started
2023-04-10 09:55:27,369 X: (100, 8, 501) 
2023-04-10 09:55:27,369 y: (100,) 
2023-04-10 09:58:32,999 Mean Accuracy: 0.547
2023-04-10 09:58:33,000 Config: {'LDA__shrinkage': 'auto', 'LDA__solver': 'lsqr'}
2023-04-10 09:58:33,026 Finished
2023-04-10 09:58:33,026 Cantidad trials: #150
2023-04-10 09:58:33,030 DATASET: Dataset_4b_150
2023-04-10 09:58:33,030 Started
2023-04-10 09:58:33,030 X: (150, 8, 501) 
2023-04-10 09:58:33,030 y: (150,) 
2023-04-10 10:03:25,540 Mean Accuracy: 0.458
2023-04-10 10:03:25,541 Config: {'LDA__shrinkage': 'auto', 'LDA__solver': 'lsqr'}
2023-04-10 10:03:25,591 Finished
2023-04-10 10:03:25,592 Cantidad trials: #200
2023-04-10 10:03:25,596 DATASET: Dataset_4b_200
2023-04-10 10:03:25,596 Started
2023-04-10 10:03:25,597 X: (200, 8, 501) 
2023-04-10 10:03:25,597 y: (200,) 
2023-04-10 10:09:56,039 Mean Accuracy: 0.475
2023-04-10 10:09:56,049 Config: {'LDA__shrinkage': 0.96, 'LDA__solver': 'lsqr'}
2023-04-10 10:09:56,106 Finished
2023-04-10 10:09:56,107 Cantidad trials: #250
2023-04-10 10:09:56,111 DATASET: Dataset_4b_250
2023-04-10 10:09:56,111 Started
2023-04-10 10:09:56,111 X: (250, 8, 501) 
2023-04-10 10:09:56,111 y: (250,) 
2023-04-10 10:18:03,294 Mean Accuracy: 0.436
2023-04-10 10:18:03,298 Config: {'LDA__shrinkage': 0.25, 'LDA__solver': 'lsqr'}
2023-04-10 10:18:03,333 Finished
2023-04-10 10:18:03,334 Cantidad trials: #300
2023-04-10 10:18:03,337 DATASET: Dataset_4b_300
2023-04-10 10:18:03,338 Started
2023-04-10 10:18:03,338 X: (300, 8, 501) 
2023-04-10 10:18:03,338 y: (300,) 
2023-04-10 10:27:35,651 Mean Accuracy: 0.437
2023-04-10 10:27:35,651 Config: {'LDA__shrinkage': 0.89, 'LDA__solver': 'lsqr'}
2023-04-10 10:27:35,674 Finished
2023-04-10 10:27:35,674 Cantidad trials: #350
2023-04-10 10:27:35,678 DATASET: Dataset_4b_350
2023-04-10 10:27:35,678 Started
2023-04-10 10:27:35,678 X: (350, 8, 501) 
2023-04-10 10:27:35,678 y: (350,) 
2023-04-10 10:38:13,797 Mean Accuracy: 0.508
2023-04-10 10:38:13,804 Config: {'LDA__shrinkage': 0.98, 'LDA__solver': 'lsqr'}
2023-04-10 10:38:13,842 Finished
2023-04-10 10:38:13,843 Cantidad trials: #400
2023-04-10 10:38:13,847 DATASET: Dataset_4b_400
2023-04-10 10:38:13,847 Started
2023-04-10 10:38:13,847 X: (400, 8, 501) 
2023-04-10 10:38:13,848 y: (400,) 
2023-04-10 10:50:23,619 Mean Accuracy: 0.483
2023-04-10 10:50:23,619 Config: {'LDA__shrinkage': 0.98, 'LDA__solver': 'lsqr'}
2023-04-10 10:50:23,645 Finished
2023-04-10 10:50:23,645 Cantidad trials: #450
2023-04-10 10:50:23,650 DATASET: Dataset_4b_450
2023-04-10 10:50:23,651 Started
2023-04-10 10:50:23,651 X: (450, 8, 501) 
2023-04-10 10:50:23,651 y: (450,) 
2023-04-10 11:04:30,972 Mean Accuracy: 0.508
2023-04-10 11:04:30,972 Config: {'LDA__solver': 'svd', 'LDA__store_covariance': True, 'LDA__tol': 1e-05}
2023-04-10 11:04:30,996 Finished
2023-04-10 11:04:30,997 CSP
2023-04-10 11:04:30,997 output: output2/csp/ 
2023-04-10 11:04:30,997 param_grid: {'CSP__n_components': [2], 'CSP__reg': [None], 'CSP__log': [True, False], 'CSP__norm_trace': [True, False]} 
2023-04-10 11:04:30,997 columns: ['param_CSP__log', 'param_CSP__n_components', 'param_CSP__norm_trace', 'param_CSP__reg', 'params', 'mean_test_score', 'std_test_score'] 
2023-04-10 11:04:31,785 Filename: dataset_4 
2023-04-10 11:04:31,785 Filter Band (8-15 hz): True 
2023-04-10 11:04:31,786 Channel: None 
2023-04-10 11:04:31,786 Cantidad trials: #50
2023-04-10 11:04:31,787 DATASET: Dataset_4b_50
2023-04-10 11:04:31,787 Started
2023-04-10 11:04:31,787 X: (50, 8, 501) 
2023-04-10 11:04:31,787 y: (50,) 
2023-04-10 11:04:33,370 Mean Accuracy: 0.573
2023-04-10 11:04:33,370 Config: {'CSP__log': False, 'CSP__n_components': 2, 'CSP__norm_trace': True, 'CSP__reg': None}
2023-04-10 11:04:33,407 Finished
2023-04-10 11:04:33,407 Cantidad trials: #100
2023-04-10 11:04:33,409 DATASET: Dataset_4b_100
2023-04-10 11:04:33,411 Started
2023-04-10 11:04:33,411 X: (100, 8, 501) 
2023-04-10 11:04:33,411 y: (100,) 
2023-04-10 11:04:36,788 Mean Accuracy: 0.567
2023-04-10 11:04:36,794 Config: {'CSP__log': False, 'CSP__n_components': 2, 'CSP__norm_trace': False, 'CSP__reg': None}
2023-04-10 11:04:36,815 Finished
2023-04-10 11:04:36,820 Cantidad trials: #150
2023-04-10 11:04:36,823 DATASET: Dataset_4b_150
2023-04-10 11:04:36,826 Started
2023-04-10 11:04:36,826 X: (150, 8, 501) 
2023-04-10 11:04:36,826 y: (150,) 
2023-04-10 11:04:42,249 Mean Accuracy: 0.507
2023-04-10 11:04:42,256 Config: {'CSP__log': False, 'CSP__n_components': 2, 'CSP__norm_trace': True, 'CSP__reg': None}
2023-04-10 11:04:42,275 Finished
2023-04-10 11:04:42,281 Cantidad trials: #200
2023-04-10 11:04:42,284 DATASET: Dataset_4b_200
2023-04-10 11:04:42,286 Started
2023-04-10 11:04:42,287 X: (200, 8, 501) 
2023-04-10 11:04:42,287 y: (200,) 
2023-04-10 11:04:49,502 Mean Accuracy: 0.520
2023-04-10 11:04:49,502 Config: {'CSP__log': False, 'CSP__n_components': 2, 'CSP__norm_trace': False, 'CSP__reg': None}
2023-04-10 11:04:49,514 Finished
2023-04-10 11:04:49,514 Cantidad trials: #250
2023-04-10 11:04:49,517 DATASET: Dataset_4b_250
2023-04-10 11:04:49,518 Started
2023-04-10 11:04:49,518 X: (250, 8, 501) 
2023-04-10 11:04:49,518 y: (250,) 
2023-04-10 11:04:58,904 Mean Accuracy: 0.501
2023-04-10 11:04:58,907 Config: {'CSP__log': False, 'CSP__n_components': 2, 'CSP__norm_trace': True, 'CSP__reg': None}
2023-04-10 11:04:58,929 Finished
2023-04-10 11:04:58,934 Cantidad trials: #300
2023-04-10 11:04:58,939 DATASET: Dataset_4b_300
2023-04-10 11:04:58,943 Started
2023-04-10 11:04:58,943 X: (300, 8, 501) 
2023-04-10 11:04:58,943 y: (300,) 
2023-04-10 11:05:09,979 Mean Accuracy: 0.488
2023-04-10 11:05:09,979 Config: {'CSP__log': False, 'CSP__n_components': 2, 'CSP__norm_trace': False, 'CSP__reg': None}
2023-04-10 11:05:09,991 Finished
2023-04-10 11:05:09,991 Cantidad trials: #350
2023-04-10 11:05:09,995 DATASET: Dataset_4b_350
2023-04-10 11:05:09,996 Started
2023-04-10 11:05:09,996 X: (350, 8, 501) 
2023-04-10 11:05:09,996 y: (350,) 
2023-04-10 11:05:22,945 Mean Accuracy: 0.519
2023-04-10 11:05:22,949 Config: {'CSP__log': False, 'CSP__n_components': 2, 'CSP__norm_trace': True, 'CSP__reg': None}
2023-04-10 11:05:22,974 Finished
2023-04-10 11:05:22,974 Cantidad trials: #400
2023-04-10 11:05:22,978 DATASET: Dataset_4b_400
2023-04-10 11:05:22,979 Started
2023-04-10 11:05:22,979 X: (400, 8, 501) 
2023-04-10 11:05:22,979 y: (400,) 
2023-04-10 11:05:37,268 Mean Accuracy: 0.512
2023-04-10 11:05:37,268 Config: {'CSP__log': False, 'CSP__n_components': 2, 'CSP__norm_trace': True, 'CSP__reg': None}
2023-04-10 11:05:37,287 Finished
2023-04-10 11:05:37,287 Cantidad trials: #450
2023-04-10 11:05:37,293 DATASET: Dataset_4b_450
2023-04-10 11:05:37,293 Started
2023-04-10 11:05:37,293 X: (450, 8, 501) 
2023-04-10 11:05:37,293 y: (450,) 
2023-04-10 11:05:53,254 Mean Accuracy: 0.526
2023-04-10 11:05:53,254 Config: {'CSP__log': False, 'CSP__n_components': 2, 'CSP__norm_trace': True, 'CSP__reg': None}
2023-04-10 11:05:53,270 Finished
