2023-04-09 20:46:51,122 SVM
2023-04-09 20:46:51,122 output: output/svm/ 
2023-04-09 20:46:51,123 param_grid: {'SVM__kernel': ['poly', 'linear', 'rbf', 'sigmoid', 'precomputed']} 
2023-04-09 20:46:51,123 columns: ['param_SVM__kernel', 'params', 'mean_test_score', 'std_test_score'] 
2023-04-09 20:46:51,177 Filename: dataset_1 
2023-04-09 20:46:51,177 Filter Band (8-15 hz): False 
2023-04-09 20:46:51,177 Channel: None 
2023-04-09 20:46:51,177 DATASET: Dataset_1a
2023-04-09 20:46:51,177 Started
2023-04-09 20:46:51,177 X: (200, 59, 201) 
2023-04-09 20:46:51,178 y: (200,) 
2023-04-09 20:47:49,234 Mean Accuracy: 0.545
2023-04-09 20:47:49,234 Config: {'SVM__kernel': 'linear'}
2023-04-09 20:47:49,258 Finished
2023-04-09 20:47:51,798 Filename: dataset_1 
2023-04-09 20:47:51,799 Filter Band (8-15 hz): True 
2023-04-09 20:47:51,799 Channel: None 
2023-04-09 20:47:51,799 DATASET: Dataset_1b
2023-04-09 20:47:51,799 Started
2023-04-09 20:47:51,799 X: (200, 59, 201) 
2023-04-09 20:47:51,799 y: (200,) 
2023-04-09 20:48:47,573 Mean Accuracy: 0.918
2023-04-09 20:48:47,574 Config: {'SVM__kernel': 'rbf'}
2023-04-09 20:48:47,596 Finished
2023-04-09 20:48:47,655 Filename: dataset_1 
2023-04-09 20:48:47,656 Filter Band (8-15 hz): False 
2023-04-09 20:48:47,656 Channel: ['C3', 'Cz', 'C4', 'P3', 'Pz', 'P4', 'O1', 'O2'] 
2023-04-09 20:48:47,656 DATASET: Dataset_1c
2023-04-09 20:48:47,656 Started
2023-04-09 20:48:47,656 X: (200, 8, 201) 
2023-04-09 20:48:47,656 y: (200,) 
2023-04-09 20:48:50,801 Mean Accuracy: 0.580
2023-04-09 20:48:50,802 Config: {'SVM__kernel': 'poly'}
2023-04-09 20:48:50,825 Finished
2023-04-09 20:48:53,387 Filename: dataset_1 
2023-04-09 20:48:53,387 Filter Band (8-15 hz): True 
2023-04-09 20:48:53,387 Channel: ['C3', 'Cz', 'C4', 'P3', 'Pz', 'P4', 'O1', 'O2'] 
2023-04-09 20:48:53,388 DATASET: Dataset_1d
2023-04-09 20:48:53,388 Started
2023-04-09 20:48:53,388 X: (200, 8, 201) 
2023-04-09 20:48:53,388 y: (200,) 
2023-04-09 20:48:56,695 Mean Accuracy: 0.797
2023-04-09 20:48:56,700 Config: {'SVM__kernel': 'rbf'}
2023-04-09 20:48:56,725 Finished
2023-04-09 20:48:56,791 Filename: dataset_2 
2023-04-09 20:48:56,792 Filter Band (8-15 hz): False 
2023-04-09 20:48:56,792 Channel: None 
2023-04-09 20:48:56,792 DATASET: Dataset_2a
2023-04-09 20:48:56,792 Started
2023-04-09 20:48:56,792 X: (200, 8, 501) 
2023-04-09 20:48:56,792 y: (200,) 
2023-04-09 20:49:05,693 Mean Accuracy: 0.583
2023-04-09 20:49:05,697 Config: {'SVM__kernel': 'poly'}
2023-04-09 20:49:05,717 Finished
2023-04-09 20:49:06,053 Filename: dataset_2 
2023-04-09 20:49:06,053 Filter Band (8-15 hz): True 
2023-04-09 20:49:06,053 Channel: None 
2023-04-09 20:49:06,054 DATASET: Dataset_2b
2023-04-09 20:49:06,054 Started
2023-04-09 20:49:06,054 X: (200, 8, 501) 
2023-04-09 20:49:06,054 y: (200,) 
2023-04-09 20:49:14,935 Mean Accuracy: 0.553
2023-04-09 20:49:14,937 Config: {'SVM__kernel': 'poly'}
2023-04-09 20:49:14,970 Finished
2023-04-09 20:49:15,001 Filename: dataset_3 
2023-04-09 20:49:15,001 Filter Band (8-15 hz): False 
2023-04-09 20:49:15,001 Channel: None 
2023-04-09 20:49:15,001 DATASET: Dataset_3a
2023-04-09 20:49:15,001 Started
2023-04-09 20:49:15,002 X: (200, 8, 501) 
2023-04-09 20:49:15,002 y: (200,) 
2023-04-09 20:49:23,898 Mean Accuracy: 0.515
2023-04-09 20:49:23,898 Config: {'SVM__kernel': 'sigmoid'}
2023-04-09 20:49:23,930 Finished
2023-04-09 20:49:24,264 Filename: dataset_3 
2023-04-09 20:49:24,264 Filter Band (8-15 hz): True 
2023-04-09 20:49:24,265 Channel: None 
2023-04-09 20:49:24,265 DATASET: Dataset_3b
2023-04-09 20:49:24,265 Started
2023-04-09 20:49:24,265 X: (200, 8, 501) 
2023-04-09 20:49:24,265 y: (200,) 
2023-04-09 20:49:33,238 Mean Accuracy: 0.510
2023-04-09 20:49:33,239 Config: {'SVM__kernel': 'sigmoid'}
2023-04-09 20:49:33,253 Finished
