2023-04-10 00:49:07,037 LDA
2023-04-10 00:49:07,037 output: output2/lda/ 
2023-04-10 00:49:07,037 param_grid: [{'LDA__solver': ['svd'], 'LDA__store_covariance': [True, False], 'LDA__tol': array([1.e-05, 1.e-06, 1.e-07, 1.e-08, 1.e-09, 1.e-10, 1.e-11])}, {'LDA__solver': ['lsqr', 'eigen'], 'LDA__shrinkage': [None, 'auto', 0.0, 0.01, 0.02, 0.03, 0.04, 0.05, 0.06, 0.07, 0.08, 0.09, 0.1, 0.11, 0.12, 0.13, 0.14, 0.15, 0.16, 0.17, 0.18, 0.19, 0.2, 0.21, 0.22, 0.23, 0.24, 0.25, 0.26, 0.27, 0.28, 0.29, 0.3, 0.31, 0.32, 0.33, 0.34, 0.35000000000000003, 0.36, 0.37, 0.38, 0.39, 0.4, 0.41000000000000003, 0.42, 0.43, 0.44, 0.45, 0.46, 0.47000000000000003, 0.48, 0.49, 0.5, 0.51, 0.52, 0.53, 0.54, 0.55, 0.56, 0.5700000000000001, 0.58, 0.59, 0.6, 0.61, 0.62, 0.63, 0.64, 0.65, 0.66, 0.67, 0.68, 0.6900000000000001, 0.7000000000000001, 0.71, 0.72, 0.73, 0.74, 0.75, 0.76, 0.77, 0.78, 0.79, 0.8, 0.81, 0.8200000000000001, 0.8300000000000001, 0.84, 0.85, 0.86, 0.87, 0.88, 0.89, 0.9, 0.91, 0.92, 0.93, 0.9400000000000001, 0.9500000000000001, 0.96, 0.97, 0.98, 0.99]}] 
2023-04-10 00:49:07,038 columns: ['param_LDA__solver', 'param_LDA__shrinkage', 'param_LDA__store_covariance', 'param_LDA__tol', 'params', 'mean_test_score', 'std_test_score'] 
2023-04-10 00:49:08,014 Filename: dataset_4 
2023-04-10 00:49:08,014 Filter Band (8-15 hz): True 
2023-04-10 00:49:08,015 Channel: None 
2023-04-10 00:49:08,015 Cantidad trials: #50
2023-04-10 00:49:08,016 DATASET: Dataset_4b_50
2023-04-10 00:49:08,016 Started
2023-04-10 00:49:08,017 X: (500, 8, 501) 
2023-04-10 00:49:08,017 y: (500,) 
2023-04-10 01:04:38,219 Mean Accuracy: 0.441
2023-04-10 01:04:38,219 Config: {'LDA__shrinkage': 0.01, 'LDA__solver': 'lsqr'}
2023-04-10 01:04:38,252 Finished
2023-04-10 01:04:38,252 Cantidad trials: #100
2023-04-10 01:04:38,254 DATASET: Dataset_4b_100
2023-04-10 01:04:38,254 Started
2023-04-10 01:04:38,255 X: (500, 8, 501) 
2023-04-10 01:04:38,255 y: (500,) 
2023-04-10 01:20:01,143 Mean Accuracy: 0.441
2023-04-10 01:20:01,143 Config: {'LDA__shrinkage': 0.01, 'LDA__solver': 'lsqr'}
2023-04-10 01:20:01,168 Finished
2023-04-10 01:20:01,168 Cantidad trials: #150
2023-04-10 01:20:01,170 DATASET: Dataset_4b_150
2023-04-10 01:20:01,170 Started
2023-04-10 01:20:01,171 X: (500, 8, 501) 
2023-04-10 01:20:01,171 y: (500,) 
2023-04-10 01:35:03,383 Mean Accuracy: 0.441
2023-04-10 01:35:03,383 Config: {'LDA__shrinkage': 0.01, 'LDA__solver': 'lsqr'}
2023-04-10 01:35:03,411 Finished
2023-04-10 01:35:03,411 Cantidad trials: #200
2023-04-10 01:35:03,414 DATASET: Dataset_4b_200
2023-04-10 01:35:03,414 Started
2023-04-10 01:35:03,414 X: (500, 8, 501) 
2023-04-10 01:35:03,414 y: (500,) 
2023-04-10 01:50:14,118 Mean Accuracy: 0.441
2023-04-10 01:50:14,118 Config: {'LDA__shrinkage': 0.01, 'LDA__solver': 'lsqr'}
2023-04-10 01:50:14,143 Finished
2023-04-10 01:50:14,144 Cantidad trials: #250
2023-04-10 01:50:14,148 DATASET: Dataset_4b_250
2023-04-10 01:50:14,148 Started
2023-04-10 01:50:14,148 X: (500, 8, 501) 
2023-04-10 01:50:14,148 y: (500,) 
2023-04-10 02:05:00,701 Mean Accuracy: 0.441
2023-04-10 02:05:00,702 Config: {'LDA__shrinkage': 0.01, 'LDA__solver': 'lsqr'}
2023-04-10 02:05:00,725 Finished
2023-04-10 02:05:00,725 Cantidad trials: #300
2023-04-10 02:05:00,730 DATASET: Dataset_4b_300
2023-04-10 02:05:00,730 Started
2023-04-10 02:05:00,730 X: (500, 8, 501) 
2023-04-10 02:05:00,730 y: (500,) 
2023-04-10 02:19:38,712 Mean Accuracy: 0.441
2023-04-10 02:19:38,712 Config: {'LDA__shrinkage': 0.01, 'LDA__solver': 'lsqr'}
2023-04-10 02:19:38,738 Finished
2023-04-10 02:19:38,739 Cantidad trials: #350
2023-04-10 02:19:38,743 DATASET: Dataset_4b_350
2023-04-10 02:19:38,743 Started
2023-04-10 02:19:38,743 X: (500, 8, 501) 
2023-04-10 02:19:38,743 y: (500,) 
2023-04-10 02:34:30,243 Mean Accuracy: 0.441
2023-04-10 02:34:30,244 Config: {'LDA__shrinkage': 0.01, 'LDA__solver': 'lsqr'}
2023-04-10 02:34:30,270 Finished
2023-04-10 02:34:30,270 Cantidad trials: #400
2023-04-10 02:34:30,276 DATASET: Dataset_4b_400
2023-04-10 02:34:30,276 Started
2023-04-10 02:34:30,276 X: (500, 8, 501) 
2023-04-10 02:34:30,276 y: (500,) 
2023-04-10 02:49:40,257 Mean Accuracy: 0.441
2023-04-10 02:49:40,257 Config: {'LDA__shrinkage': 0.01, 'LDA__solver': 'lsqr'}
2023-04-10 02:49:40,282 Finished
2023-04-10 02:49:40,282 Cantidad trials: #450
2023-04-10 02:49:40,290 DATASET: Dataset_4b_450
2023-04-10 02:49:40,290 Started
2023-04-10 02:49:40,290 X: (500, 8, 501) 
2023-04-10 02:49:40,290 y: (500,) 
2023-04-10 03:04:33,705 Mean Accuracy: 0.441
2023-04-10 03:04:33,705 Config: {'LDA__shrinkage': 0.01, 'LDA__solver': 'lsqr'}
2023-04-10 03:04:33,742 Finished
2023-04-10 03:04:33,744 CSP
2023-04-10 03:04:33,744 output: output2/csp/ 
2023-04-10 03:04:33,744 param_grid: {'CSP__n_components': [2], 'CSP__reg': [None], 'CSP__log': [True, False], 'CSP__norm_trace': [True, False]} 
2023-04-10 03:04:33,744 columns: ['param_CSP__log', 'param_CSP__n_components', 'param_CSP__norm_trace', 'param_CSP__reg', 'params', 'mean_test_score', 'std_test_score'] 
2023-04-10 03:04:34,510 Filename: dataset_4 
2023-04-10 03:04:34,511 Filter Band (8-15 hz): True 
2023-04-10 03:04:34,511 Channel: None 
2023-04-10 03:04:34,511 Cantidad trials: #50
2023-04-10 03:04:34,512 DATASET: Dataset_4b_50
2023-04-10 03:04:34,512 Started
2023-04-10 03:04:34,512 X: (500, 8, 501) 
2023-04-10 03:04:34,512 y: (500,) 
2023-04-10 03:04:51,049 Mean Accuracy: 0.478
2023-04-10 03:04:51,049 Config: {'CSP__log': False, 'CSP__n_components': 2, 'CSP__norm_trace': True, 'CSP__reg': None}
2023-04-10 03:04:51,077 Finished
2023-04-10 03:04:51,079 Cantidad trials: #100
2023-04-10 03:04:51,086 DATASET: Dataset_4b_100
2023-04-10 03:04:51,086 Started
2023-04-10 03:04:51,086 X: (500, 8, 501) 
2023-04-10 03:04:51,086 y: (500,) 
2023-04-10 03:05:07,642 Mean Accuracy: 0.478
2023-04-10 03:05:07,642 Config: {'CSP__log': False, 'CSP__n_components': 2, 'CSP__norm_trace': True, 'CSP__reg': None}
2023-04-10 03:05:07,654 Finished
2023-04-10 03:05:07,654 Cantidad trials: #150
2023-04-10 03:05:07,657 DATASET: Dataset_4b_150
2023-04-10 03:05:07,657 Started
2023-04-10 03:05:07,657 X: (500, 8, 501) 
2023-04-10 03:05:07,657 y: (500,) 
2023-04-10 03:05:24,125 Mean Accuracy: 0.478
2023-04-10 03:05:24,125 Config: {'CSP__log': False, 'CSP__n_components': 2, 'CSP__norm_trace': True, 'CSP__reg': None}
2023-04-10 03:05:24,145 Finished
2023-04-10 03:05:24,145 Cantidad trials: #200
2023-04-10 03:05:24,148 DATASET: Dataset_4b_200
2023-04-10 03:05:24,148 Started
2023-04-10 03:05:24,148 X: (500, 8, 501) 
2023-04-10 03:05:24,148 y: (500,) 
2023-04-10 03:05:40,652 Mean Accuracy: 0.478
2023-04-10 03:05:40,653 Config: {'CSP__log': False, 'CSP__n_components': 2, 'CSP__norm_trace': True, 'CSP__reg': None}
2023-04-10 03:05:40,675 Finished
2023-04-10 03:05:40,681 Cantidad trials: #250
2023-04-10 03:05:40,684 DATASET: Dataset_4b_250
2023-04-10 03:05:40,685 Started
2023-04-10 03:05:40,685 X: (500, 8, 501) 
2023-04-10 03:05:40,685 y: (500,) 
2023-04-10 03:05:57,167 Mean Accuracy: 0.478
2023-04-10 03:05:57,167 Config: {'CSP__log': False, 'CSP__n_components': 2, 'CSP__norm_trace': True, 'CSP__reg': None}
2023-04-10 03:05:57,180 Finished
2023-04-10 03:05:57,180 Cantidad trials: #300
2023-04-10 03:05:57,188 DATASET: Dataset_4b_300
2023-04-10 03:05:57,188 Started
2023-04-10 03:05:57,188 X: (500, 8, 501) 
2023-04-10 03:05:57,188 y: (500,) 
2023-04-10 03:06:13,695 Mean Accuracy: 0.478
2023-04-10 03:06:13,699 Config: {'CSP__log': False, 'CSP__n_components': 2, 'CSP__norm_trace': True, 'CSP__reg': None}
2023-04-10 03:06:13,722 Finished
2023-04-10 03:06:13,723 Cantidad trials: #350
2023-04-10 03:06:13,726 DATASET: Dataset_4b_350
2023-04-10 03:06:13,727 Started
2023-04-10 03:06:13,727 X: (500, 8, 501) 
2023-04-10 03:06:13,727 y: (500,) 
2023-04-10 03:06:30,191 Mean Accuracy: 0.478
2023-04-10 03:06:30,191 Config: {'CSP__log': False, 'CSP__n_components': 2, 'CSP__norm_trace': True, 'CSP__reg': None}
2023-04-10 03:06:30,211 Finished
2023-04-10 03:06:30,211 Cantidad trials: #400
2023-04-10 03:06:30,215 DATASET: Dataset_4b_400
2023-04-10 03:06:30,216 Started
2023-04-10 03:06:30,216 X: (500, 8, 501) 
2023-04-10 03:06:30,216 y: (500,) 
2023-04-10 03:06:46,714 Mean Accuracy: 0.478
2023-04-10 03:06:46,715 Config: {'CSP__log': False, 'CSP__n_components': 2, 'CSP__norm_trace': True, 'CSP__reg': None}
2023-04-10 03:06:46,729 Finished
2023-04-10 03:06:46,729 Cantidad trials: #450
2023-04-10 03:06:46,733 DATASET: Dataset_4b_450
2023-04-10 03:06:46,734 Started
2023-04-10 03:06:46,734 X: (500, 8, 501) 
2023-04-10 03:06:46,734 y: (500,) 
2023-04-10 03:07:03,293 Mean Accuracy: 0.478
2023-04-10 03:07:03,293 Config: {'CSP__log': False, 'CSP__n_components': 2, 'CSP__norm_trace': True, 'CSP__reg': None}
2023-04-10 03:07:03,308 Finished
